<?xml version="1.0" encoding="UTF-8"?>
<!-- Generated by org.testng.reporters.JUnitReportReporter -->
<testsuite hostname="Waqas-Laptop" failures="0" tests="5" name="com.codebase.AhungTestClass" time="14.569" errors="0" timestamp="13 Sep 2019 11:40:09 GMT" skipped="0">
  <testcase classname="com.codebase.AhungTestClass" name="Test04_Enter_Password" time="2.178"/>
  <testcase classname="com.codebase.AhungTestClass" name="Test03_Enter_User_Id" time="2.132"/>
  <testcase classname="com.codebase.AhungTestClass" name="Test05_Perform_Login" time="5.109"/>
  <testcase classname="com.codebase.AhungTestClass" name="Test01_Verify_Ahung_Title" time="5.028"/>
  <testcase classname="com.codebase.AhungTestClass" name="Test02_Verify_Ahung_Logo" time="0.122"/>
</testsuite> <!-- com.codebase.AhungTestClass -->
