<?xml version="1.0" encoding="UTF-8"?>
<!-- Generated by org.testng.reporters.JUnitReportReporter -->
<testsuite hostname="Waqas-Laptop" failures="0" tests="3" name="com.codebase.GoogleTestClass" time="0.210" errors="0" timestamp="23 Aug 2019 05:40:28 GMT" skipped="0">
  <testcase classname="com.codebase.GoogleTestClass" name="Test03_Verify_Country_Name" time="0.106"/>
  <testcase classname="com.codebase.GoogleTestClass" name="Test02_Verify_Google_Logo" time="0.092"/>
  <testcase classname="com.codebase.GoogleTestClass" name="Test01_Verify_Google_Title" time="0.012"/>
</testsuite> <!-- com.codebase.GoogleTestClass -->
